<?xml version="1.0" encoding='utf-8'?>

<settings>
    <username>mike</username>
    <password>secret</password>
    <opdsxml>test.opds</opdsxml>
    <opfxml>test.opf</opfxml>
    <testposturl>http://devserver.ustadmobile.com:8621/</testposturl>
    <device>apple</device>
</settings>
<!--
    <opdsxml>http://54.77.18.106:8004/opds/public/</opdsxml>
    <opfxml>http://54.77.18.106:8004/media/test/test.opf</opfxml>-->
